


ARM Macro Assembler    Page 1 


    1 00000000         ;=======================================================
                       ===================================
    2 00000000         ; Project:  
    3 00000000         ; Date:     
    4 00000000         ; Author:   
    5 00000000         ;~~~~~~~~~~~~~~~~~~~~~~~~~~~~~~~~~~~~~~~~~~~~~~~~~~~~~~~
                       ~~~~~~~~~~~~~~~~~~~~~~~~~~~~~~~~~~~
    6 00000000         ;
    7 00000000         ;  <inserire una breve descrizione del progetto>
    8 00000000         ;  
    9 00000000         ;  <specifiche del progetto>
   10 00000000         ;  <specifiche del collaudo>
   11 00000000         ;
   12 00000000         ; Ver   Date        Comment
   13 00000000         ;~~~~~~~~~~~~~~~~~~~~~~~~~~~~~~~~~~~~~~~~~~~~~~~~~~~~~~~
                       ~~~~~~~~~~~~~~~~~~~~~~~~~~~~~~~~~~~
   14 00000000         ; 1.0  01/01/01     Versione iniziale
   15 00000000         ; <Descrivere per ogni revisione o cambio di versione le
                        modifiche apportate>
   16 00000000         ; 
   17 00000000         ;=======================================================
                       ===================================
   18 00000000                 THUMB
   19 00000000         
   20 00000000         ;-------------------------------------------------------
                       -----------------------------------
   21 00000000         ;=== COSTANTI ==========================================
                       ===================================
   22 00000000         ;-------------------------------------------------------
                       -----------------------------------
   23 00000000 48000400 
                       GPIOB_MODER
                               EQU              0x48000400
   24 00000000 48000414 
                       GPIOB_ODR
                               EQU              0x48000414
   25 00000000 48001000 
                       GPIOE_MODER
                               EQU              0x48001000
   26 00000000 48001014 
                       GPIOE_ODR
                               EQU              0x48001014
   27 00000000 4002104C 
                       RCC_CR_AHB2
                               EQU              0X4002104C
   28 00000000         
   29 00000000 00000001 
                       PB2_PORT_AHB2_BIT
                               EQU              0x1
   30 00000000 00000005 
                       PB2_MODERH_BIT
                               EQU              0x5
   31 00000000 00000004 
                       PB2_MODERL_BIT
                               EQU              0x4
   32 00000000 00000002 
                       PB2_ODR_BIT
                               EQU              0x2
   33 00000000         



ARM Macro Assembler    Page 2 


   34 00000000         ;-------------------------------------------------------
                       -----------------------------------
   35 00000000         ;=== AREA ISTRUZIONI ===================================
                       ===================================
   36 00000000         ;-------------------------------------------------------
                       -----------------------------------
   37 00000000                 AREA             MyCode, CODE, READONLY
   38 00000000                 ALIGN
   39 00000000         ;------------------
   40 00000000         ; EXPORT/IMPORT
   41 00000000         ;------------------
   42 00000000                 EXPORT           __main
   43 00000000                 ENTRY
   44 00000000         
   45 00000000         ;-------------------------------------------------------
                       -----------------------------------
   46 00000000         ;=== MAIN ROUTINE ======================================
                       ===================================
   47 00000000         ;-------------------------------------------------------
                       -----------------------------------
   48 00000000         __main
   49 00000000         
   50 00000000         LedInit
   51 00000000         
   52 00000000         ;LedInit
   53 00000000         ; Mettere ad 1 il bit 1 e il bit 4 della word con indiri
                       zzo 0x4002104C
   54 00000000 F241 004C       MOV              R0, #0x104C
   55 00000004 F2C4 0002       MOVT             R0, #0x4002
   56 00000008 7801            LDRB             R1, [R0]
   57 0000000A F041 0112       ORR              R1, #0x12
   58 0000000E 7001            STRB             R1, [R0]
   59 00000010         
   60 00000010         ;LedInit
   61 00000010         ; Mettere ad 1 il bit 4 e a 0 il bit 5 della word con in
                       dirizzo 0x48000400
   62 00000010 F44F 6080       MOV              R0, #0x400
   63 00000014 F6C4 0000       MOVT             R0, #0x4800
   64 00000018 7801            LDRB             R1, [R0]
   65 0000001A F041 0110       ORR              R1, #1<<4
   66 0000001E F021 0120       BIC              R1, #1<<5
   67 00000022 7001            STRB             R1, [R0]
   68 00000024         
   69 00000024         ;LedInit
   70 00000024         ; Mettere ad 1 il bit 16 e a 0 il bit 17 della word con 
                       indirizzo 0x48001000
   71 00000024 F44F 5080       MOV              R0, #0x1000
   72 00000028 F6C4 0000       MOVT             R0, #0x4800
   73 0000002C 6801            LDR              R1, [R0]
   74 0000002E F441 3180       ORR              R1, #1<<16
   75 00000032 F421 3100       BIC              R1, #1<<17
   76 00000036 6001            STR              R1, [R0]
   77 00000038         
   78 00000038         LedRossoOn
   79 00000038         
   80 00000038         ;LedRossoOn
   81 00000038         ; Mettere ad 1 il bit 2 della word di indirizzo 0x480004
                       14
   82 00000038 F240 4014       MOV              R0, #0x414



ARM Macro Assembler    Page 3 


   83 0000003C F6C4 0000       MOVT             R0, #0x4800
   84 00000040 7801            LDRB             R1, [R0]
   85 00000042 F041 0104       ORR              R1, #0x4
   86 00000046 7001            STRB             R1, [R0]
   87 00000048         
   88 00000048         LedVerdeOn
   89 00000048         
   90 00000048         ;LedVerdeOn
   91 00000048         ; Mettere ad 1 il bit 8 della word di indirizzo 0x480010
                       14 
   92 00000048 F241 0014       MOV              R0, #0x1014
   93 0000004C F6C4 0000       MOVT             R0, #0x4800
   94 00000050 8801            LDRH             R1, [R0]
   95 00000052 F441 7180       ORR              R1, #0x100
   96 00000056 8001            STRH             R1, [R0]
   97 00000058         
   98 00000058         MainLoop
   99 00000058         LedOn                                ;accensione led ver
                                                            de
  100 00000058 6801            LDR              R1, [R0]
  101 0000005A F441 7180       ORR              R1, #0x100
  102 0000005E 6001            STR              R1, [R0]
  103 00000060         
  104 00000060         delay
  105 00000060 B500            PUSH{LR}
  106 00000062 F249 30E0       MOV              R0, #0x93E0
  107 00000066 F2C0 0004       MOVT             R0, #0x4
  108 0000006A         Ciclo
  109 0000006A F1A0 0001       SUB              r0, #1
  110 0000006E 2800            CMP              r0, #0
  111 00000070 D1FB            BNE              Ciclo
  112 00000072 F85D EB04       POP{LR}
  113 00000076 4770            BX               LR
  114 00000078         ;fine delay
  115 00000078         
  116 00000078         LedOff                               ;spegnimento led ve
                                                            rde
  117 00000078 6801            LDR              R1, [R0]
  118 0000007A F421 7180       BIC              R1, #0x100
  119 0000007E 6001            STR              R1, [R0]
  120 00000080         
  121 00000080 F7FF FFEE       BL               delay
  122 00000084 E7E8            B                MainLoop
  123 00000086 E7FE    stop    B                stop
  124 00000088         ;-------------------------------------------------------
                       -----------------------------------
  125 00000088                 ALIGN
  126 00000088                 END
Command Line: --debug --xref --diag_suppress=9931 --cpu=Cortex-M4.fp.sp --apcs=
interwork --depend=.\objects\main.d -o.\objects\main.o -I.\RTE\_STM32L476VGTx -
IC:\Keil_v5\ARM\PACK\ARM\CMSIS\5.8.0\CMSIS\Core\Include -IC:\Keil_v5\ARM\PACK\K
eil\STM32L4xx_DFP\2.6.1\Drivers\CMSIS\Device\ST\STM32L4xx\Include --predefine="
__EVAL SETA 1" --predefine="__MICROLIB SETA 1" --predefine="__UVISION_VERSION S
ETA 536" --predefine="_RTE_ SETA 1" --predefine="STM32L476xx SETA 1" --predefin
e="_RTE_ SETA 1" --list=.\listings\main.lst ..\main.s



ARM Macro Assembler    Page 1 Alphabetic symbol ordering
Relocatable symbols

Ciclo 0000006A

Symbol: Ciclo
   Definitions
      At line 108 in file ..\main.s
   Uses
      At line 111 in file ..\main.s
Comment: Ciclo used once
LedInit 00000000

Symbol: LedInit
   Definitions
      At line 50 in file ..\main.s
   Uses
      None
Comment: LedInit unused
LedOff 00000078

Symbol: LedOff
   Definitions
      At line 116 in file ..\main.s
   Uses
      None
Comment: LedOff unused
LedOn 00000058

Symbol: LedOn
   Definitions
      At line 99 in file ..\main.s
   Uses
      None
Comment: LedOn unused
LedRossoOn 00000038

Symbol: LedRossoOn
   Definitions
      At line 78 in file ..\main.s
   Uses
      None
Comment: LedRossoOn unused
LedVerdeOn 00000048

Symbol: LedVerdeOn
   Definitions
      At line 88 in file ..\main.s
   Uses
      None
Comment: LedVerdeOn unused
MainLoop 00000058

Symbol: MainLoop
   Definitions
      At line 98 in file ..\main.s
   Uses
      At line 122 in file ..\main.s
Comment: MainLoop used once
MyCode 00000000

Symbol: MyCode



ARM Macro Assembler    Page 2 Alphabetic symbol ordering
Relocatable symbols

   Definitions
      At line 37 in file ..\main.s
   Uses
      None
Comment: MyCode unused
__main 00000000

Symbol: __main
   Definitions
      At line 48 in file ..\main.s
   Uses
      At line 42 in file ..\main.s
Comment: __main used once
delay 00000060

Symbol: delay
   Definitions
      At line 104 in file ..\main.s
   Uses
      At line 121 in file ..\main.s
Comment: delay used once
stop 00000086

Symbol: stop
   Definitions
      At line 123 in file ..\main.s
   Uses
      At line 123 in file ..\main.s
Comment: stop used once
11 symbols



ARM Macro Assembler    Page 1 Alphabetic symbol ordering
Absolute symbols

GPIOB_MODER 48000400

Symbol: GPIOB_MODER
   Definitions
      At line 23 in file ..\main.s
   Uses
      None
Comment: GPIOB_MODER unused
GPIOB_ODR 48000414

Symbol: GPIOB_ODR
   Definitions
      At line 24 in file ..\main.s
   Uses
      None
Comment: GPIOB_ODR unused
GPIOE_MODER 48001000

Symbol: GPIOE_MODER
   Definitions
      At line 25 in file ..\main.s
   Uses
      None
Comment: GPIOE_MODER unused
GPIOE_ODR 48001014

Symbol: GPIOE_ODR
   Definitions
      At line 26 in file ..\main.s
   Uses
      None
Comment: GPIOE_ODR unused
PB2_MODERH_BIT 00000005

Symbol: PB2_MODERH_BIT
   Definitions
      At line 30 in file ..\main.s
   Uses
      None
Comment: PB2_MODERH_BIT unused
PB2_MODERL_BIT 00000004

Symbol: PB2_MODERL_BIT
   Definitions
      At line 31 in file ..\main.s
   Uses
      None
Comment: PB2_MODERL_BIT unused
PB2_ODR_BIT 00000002

Symbol: PB2_ODR_BIT
   Definitions
      At line 32 in file ..\main.s
   Uses
      None
Comment: PB2_ODR_BIT unused
PB2_PORT_AHB2_BIT 00000001

Symbol: PB2_PORT_AHB2_BIT



ARM Macro Assembler    Page 2 Alphabetic symbol ordering
Absolute symbols

   Definitions
      At line 29 in file ..\main.s
   Uses
      None
Comment: PB2_PORT_AHB2_BIT unused
RCC_CR_AHB2 4002104C

Symbol: RCC_CR_AHB2
   Definitions
      At line 27 in file ..\main.s
   Uses
      None
Comment: RCC_CR_AHB2 unused
9 symbols
356 symbols in table
